
12/29/22 23:59:44 - ERREUR: Le déchargement de "https://www.hiltonhyland.com/xmlrpc.php", référencé de "/Users/mac/Downloads/us.sitesucker.mac.sitesucker/www.hiltonhyland.com/index.html", a échoué avec le code d’erreur 403 (forbidden)
12/30/22 00:00:04 - ERREUR: Le déchargement de "https://www.hiltonhyland.com/xmlrpc.php", référencé de "/Users/mac/Downloads/us.sitesucker.mac.sitesucker/www.hiltonhyland.com/page/2/index.html", a échoué avec le code d’erreur 403 (forbidden)
12/30/22 00:01:02 - ERREUR: Le déchargement de "https://www.hiltonhyland.com/xmlrpc.php", référencé de "/Users/mac/Downloads/us.sitesucker.mac.sitesucker/www.hiltonhyland.com/about/the-hilton-and-hyland-story/index.html", a échoué avec le code d’erreur 403 (forbidden)
12/30/22 00:01:04 - ERREUR: Le déchargement de "https://www.hiltonhyland.com/xmlrpc.php", référencé de "/Users/mac/Downloads/us.sitesucker.mac.sitesucker/www.hiltonhyland.com/associates/index.html", a échoué avec le code d’erreur 403 (forbidden)
12/30/22 00:01:06 - ERREUR: Le déchargement de "https://www.hiltonhyland.com/xmlrpc.php", référencé de "/Users/mac/Downloads/us.sitesucker.mac.sitesucker/www.hiltonhyland.com/properties/sale/index.html", a échoué avec le code d’erreur 403 (forbidden)
12/30/22 00:01:08 - ERREUR: Le déchargement de "https://www.hiltonhyland.com/xmlrpc.php", référencé de "/Users/mac/Downloads/us.sitesucker.mac.sitesucker/www.hiltonhyland.com/developments/index.html", a échoué avec le code d’erreur 403 (forbidden)
12/30/22 00:01:10 - ERREUR: Le déchargement de "https://www.hiltonhyland.com/xmlrpc.php", référencé de "/Users/mac/Downloads/us.sitesucker.mac.sitesucker/www.hiltonhyland.com/blog/index.html", a échoué avec le code d’erreur 403 (forbidden)
12/30/22 00:01:12 - ERREUR: Le déchargement de "https://www.hiltonhyland.com/xmlrpc.php", référencé de "/Users/mac/Downloads/us.sitesucker.mac.sitesucker/www.hiltonhyland.com/contact-us/index.html", a échoué avec le code d’erreur 403 (forbidden)
12/30/22 00:01:14 - ERREUR: Le déchargement de "https://www.hiltonhyland.com/xmlrpc.php", référencé de "/Users/mac/Downloads/us.sitesucker.mac.sitesucker/www.hiltonhyland.com/properties/index.html", a échoué avec le code d’erreur 403 (forbidden)
12/30/22 00:01:16 - ERREUR: Le déchargement de "https://www.hiltonhyland.com/xmlrpc.php", référencé de "/Users/mac/Downloads/us.sitesucker.mac.sitesucker/www.hiltonhyland.com/properties/leases/index.html", a échoué avec le code d’erreur 403 (forbidden)
12/30/22 00:01:18 - ERREUR: Le déchargement de "https://www.hiltonhyland.com/xmlrpc.php", référencé de "/Users/mac/Downloads/us.sitesucker.mac.sitesucker/www.hiltonhyland.com/properties/open-houses/index.html", a échoué avec le code d’erreur 403 (forbidden)
12/30/22 00:01:20 - ERREUR: Le déchargement de "https://www.hiltonhyland.com/xmlrpc.php", référencé de "/Users/mac/Downloads/us.sitesucker.mac.sitesucker/www.hiltonhyland.com/properties/sold/index.html", a échoué avec le code d’erreur 403 (forbidden)
12/30/22 00:01:22 - ERREUR: Le déchargement de "https://www.hiltonhyland.com/xmlrpc.php", référencé de "/Users/mac/Downloads/us.sitesucker.mac.sitesucker/www.hiltonhyland.com/international/index.html", a échoué avec le code d’erreur 403 (forbidden)
12/30/22 00:01:24 - ERREUR: Le déchargement de "https://www.hiltonhyland.com/xmlrpc.php", référencé de "/Users/mac/Downloads/us.sitesucker.mac.sitesucker/www.hiltonhyland.com/commercial/index.html", a échoué avec le code d’erreur 403 (forbidden)
12/30/22 00:01:26 - ERREUR: Le déchargement de "https://www.hiltonhyland.com/xmlrpc.php", référencé de "/Users/mac/Downloads/us.sitesucker.mac.sitesucker/www.hiltonhyland.com/properties/income/index.html", a échoué avec le code d’erreur 403 (forbidden)
12/30/22 00:01:28 - ERREUR: Le déchargement de "https://www.hiltonhyland.com/xmlrpc.php", référencé de "/Users/mac/Downloads/us.sitesucker.mac.sitesucker/www.hiltonhyland.com/about/the-hilton-and-hyland-story/our-advantage/index.html", a échoué avec le code d’erreur 403 (forbidden)
12/30/22 00:01:30 - ERREUR: Le déchargement de "https://www.hiltonhyland.com/xmlrpc.php", référencé de "/Users/mac/Downloads/us.sitesucker.mac.sitesucker/www.hiltonhyland.com/forbes-global-properties/index.html", a échoué avec le code d’erreur 403 (forbidden)
12/30/22 00:01:32 - ERREUR: Le déchargement de "https://www.hiltonhyland.com/xmlrpc.php", référencé de "/Users/mac/Downloads/us.sitesucker.mac.sitesucker/www.hiltonhyland.com/associates/jeff-hyland/index.html", a échoué avec le code d’erreur 403 (forbidden)
12/30/22 00:01:34 - ERREUR: Le déchargement de "https://www.hiltonhyland.com/xmlrpc.php", référencé de "/Users/mac/Downloads/us.sitesucker.mac.sitesucker/www.hiltonhyland.com/associates/rick-hilton/index.html", a échoué avec le code d’erreur 403 (forbidden)
12/30/22 00:01:36 - ERREUR: Le déchargement de "https://www.hiltonhyland.com/xmlrpc.php", référencé de "/Users/mac/Downloads/us.sitesucker.mac.sitesucker/www.hiltonhyland.com/luxury-portfolio/index.html", a échoué avec le code d’erreur 403 (forbidden)
12/30/22 00:01:38 - ERREUR: Le déchargement de "https://www.hiltonhyland.com/xmlrpc.php", référencé de "/Users/mac/Downloads/us.sitesucker.mac.sitesucker/www.hiltonhyland.com/philanthropy/index.html", a échoué avec le code d’erreur 403 (forbidden)
12/30/22 00:01:40 - ERREUR: Le déchargement de "https://www.hiltonhyland.com/xmlrpc.php", référencé de "/Users/mac/Downloads/us.sitesucker.mac.sitesucker/www.hiltonhyland.com/press/index.html", a échoué avec le code d’erreur 403 (forbidden)
12/30/22 00:01:43 - ERREUR: Le déchargement de "https://www.hiltonhyland.com/xmlrpc.php", référencé de "/Users/mac/Downloads/us.sitesucker.mac.sitesucker/www.hiltonhyland.com/services/secured-escrow/index.html", a échoué avec le code d’erreur 403 (forbidden)
12/30/22 00:01:45 - ERREUR: Le déchargement de "https://www.hiltonhyland.com/xmlrpc.php", référencé de "/Users/mac/Downloads/us.sitesucker.mac.sitesucker/www.hiltonhyland.com/communities/index.html", a échoué avec le code d’erreur 403 (forbidden)
12/30/22 00:01:46 - ERREUR: Le déchargement de "https://www.hiltonhyland.com/xmlrpc.php", référencé de "/Users/mac/Downloads/us.sitesucker.mac.sitesucker/www.hiltonhyland.com/market-insights/index.html", a échoué avec le code d’erreur 403 (forbidden)
12/30/22 00:01:48 - ERREUR: Le déchargement de "https://www.hiltonhyland.com/xmlrpc.php", référencé de "/Users/mac/Downloads/us.sitesucker.mac.sitesucker/www.hiltonhyland.com/videos/index.html", a échoué avec le code d’erreur 403 (forbidden)
12/30/22 00:01:50 - ERREUR: Le déchargement de "https://www.hiltonhyland.com/xmlrpc.php", référencé de "/Users/mac/Downloads/us.sitesucker.mac.sitesucker/www.hiltonhyland.com/property/casa-encantada-bel-air-ca-90077-us/index.html", a échoué avec le code d’erreur 403 (forbidden)
12/30/22 00:01:52 - ERREUR: Le déchargement de "https://www.hiltonhyland.com/xmlrpc.php", référencé de "/Users/mac/Downloads/us.sitesucker.mac.sitesucker/www.hiltonhyland.com/property/sloane-house-london/index.html", a échoué avec le code d’erreur 403 (forbidden)
12/30/22 00:01:54 - ERREUR: Le déchargement de "https://www.hiltonhyland.com/xmlrpc.php", référencé de "/Users/mac/Downloads/us.sitesucker.mac.sitesucker/www.hiltonhyland.com/property/16401-calle-feliz/index.html", a échoué avec le code d’erreur 403 (forbidden)
12/30/22 00:01:56 - ERREUR: Le déchargement de "https://www.hiltonhyland.com/xmlrpc.php", référencé de "/Users/mac/Downloads/us.sitesucker.mac.sitesucker/www.hiltonhyland.com/property/780-tortuoso-way-bel-air-ca-90077/index.html", a échoué avec le code d’erreur 403 (forbidden)
12/30/22 00:01:58 - ERREUR: Le déchargement de "https://www.hiltonhyland.com/xmlrpc.php", référencé de "/Users/mac/Downloads/us.sitesucker.mac.sitesucker/www.hiltonhyland.com/property/419-st-cloud-rd-los-angeles-ca-90077/index.html", a échoué avec le code d’erreur 403 (forbidden)
12/30/22 00:02:00 - ERREUR: Le déchargement de "https://www.hiltonhyland.com/xmlrpc.php", référencé de "/Users/mac/Downloads/us.sitesucker.mac.sitesucker/www.hiltonhyland.com/property/788-tortuoso-way/index.html", a échoué avec le code d’erreur 403 (forbidden)
12/30/22 00:02:02 - ERREUR: Le déchargement de "https://www.hiltonhyland.com/xmlrpc.php", référencé de "/Users/mac/Downloads/us.sitesucker.mac.sitesucker/www.hiltonhyland.com/property/villa-firenze/index.html", a échoué avec le code d’erreur 403 (forbidden)
12/30/22 00:02:04 - ERREUR: Le déchargement de "https://www.hiltonhyland.com/xmlrpc.php", référencé de "/Users/mac/Downloads/us.sitesucker.mac.sitesucker/www.hiltonhyland.com/property/nimes-rd-los-angeles-ca-90077-us/index.html", a échoué avec le code d’erreur 403 (forbidden)
12/30/22 00:02:06 - ERREUR: Le déchargement de "https://www.hiltonhyland.com/xmlrpc.php", référencé de "/Users/mac/Downloads/us.sitesucker.mac.sitesucker/www.hiltonhyland.com/property/billionaire/index.html", a échoué avec le code d’erreur 403 (forbidden)
12/30/22 00:02:08 - ERREUR: Le déchargement de "https://www.hiltonhyland.com/xmlrpc.php", référencé de "/Users/mac/Downloads/us.sitesucker.mac.sitesucker/www.hiltonhyland.com/property/594-s-mapleton-drive-los-angeles-ca-90024-us/index.html", a échoué avec le code d’erreur 403 (forbidden)
12/30/22 00:02:10 - ERREUR: Le déchargement de "https://www.hiltonhyland.com/xmlrpc.php", référencé de "/Users/mac/Downloads/us.sitesucker.mac.sitesucker/www.hiltonhyland.com/property/141-s-carolwood-dr-los-angeles-ca-90024-us/index.html", a échoué avec le code d’erreur 403 (forbidden)
12/30/22 00:02:12 - ERREUR: Le déchargement de "https://www.hiltonhyland.com/xmlrpc.php", référencé de "/Users/mac/Downloads/us.sitesucker.mac.sitesucker/www.hiltonhyland.com/property/the-playboy-mansion/index.html", a échoué avec le code d’erreur 403 (forbidden)
12/30/22 00:02:32 - ERREUR: Le déchargement de "https://www.hiltonhyland.com/xmlrpc.php", référencé de "/Users/mac/Downloads/us.sitesucker.mac.sitesucker/www.hiltonhyland.com/exclusive-properties/index.html", a échoué avec le code d’erreur 403 (forbidden)
12/30/22 00:02:34 - ERREUR: Le déchargement de "https://www.hiltonhyland.com/xmlrpc.php", référencé de "/Users/mac/Downloads/us.sitesucker.mac.sitesucker/www.hiltonhyland.com/beverly-hills-luxury-real-estate/index.html", a échoué avec le code d’erreur 403 (forbidden)
12/30/22 00:02:36 - ERREUR: Le déchargement de "https://www.hiltonhyland.com/xmlrpc.php", référencé de "/Users/mac/Downloads/us.sitesucker.mac.sitesucker/www.hiltonhyland.com/sitemap/index.html", a échoué avec le code d’erreur 403 (forbidden)
12/30/22 00:02:38 - ERREUR: Le déchargement de "https://www.hiltonhyland.com/xmlrpc.php", référencé de "/Users/mac/Downloads/us.sitesucker.mac.sitesucker/www.hiltonhyland.com/privacy-policy/index.html", a échoué avec le code d’erreur 403 (forbidden)
12/30/22 00:02:40 - ERREUR: Le déchargement de "https://www.hiltonhyland.com/xmlrpc.php", référencé de "/Users/mac/Downloads/us.sitesucker.mac.sitesucker/www.hiltonhyland.com/dont-sell-my-personal-information/index.html", a échoué avec le code d’erreur 403 (forbidden)
12/30/22 00:03:47 - ERREUR: Le déchargement de "https://www.hiltonhyland.com/xmlrpc.php", référencé de "/Users/mac/Downloads/us.sitesucker.mac.sitesucker/www.hiltonhyland.com/page/3/index.html", a échoué avec le code d’erreur 403 (forbidden)
12/30/22 00:04:24 - ERREUR: Le déchargement de "https://www.hiltonhyland.com/xmlrpc.php", référencé de "/Users/mac/Downloads/us.sitesucker.mac.sitesucker/www.hiltonhyland.com/properties/sale/page/2/index.html", a échoué avec le code d’erreur 403 (forbidden)
12/30/22 00:04:44 - ERREUR: Le déchargement de "https://www.hiltonhyland.com/xmlrpc.php", référencé de "/Users/mac/Downloads/us.sitesucker.mac.sitesucker/www.hiltonhyland.com/developments/wom-tignes-france/index.html", a échoué avec le code d’erreur 403 (forbidden)
12/30/22 00:04:48 - ERREUR: Le déchargement de "https://www.hiltonhyland.com/xmlrpc.php", référencé de "/Users/mac/Downloads/us.sitesucker.mac.sitesucker/www.hiltonhyland.com/developments/401-ocean-avenue/index.html", a échoué avec le code d’erreur 403 (forbidden)
12/30/22 00:04:55 - ERREUR: Le déchargement de "https://www.hiltonhyland.com/xmlrpc.php", référencé de "/Users/mac/Downloads/us.sitesucker.mac.sitesucker/www.hiltonhyland.com/property/2600-hutton-dr-beverly-hills-ca-90210/index.html", a échoué avec le code d’erreur 403 (forbidden)
12/30/22 00:05:00 - ERREUR: Le déchargement de "https://www.hiltonhyland.com/xmlrpc.php", référencé de "/Users/mac/Downloads/us.sitesucker.mac.sitesucker/www.hiltonhyland.com/blog/page/2/index.html", a échoué avec le code d’erreur 403 (forbidden)
12/30/22 00:05:04 - ERREUR: Le déchargement de "https://www.hiltonhyland.com/xmlrpc.php", référencé de "/Users/mac/Downloads/us.sitesucker.mac.sitesucker/www.hiltonhyland.com/post/ozzy-osbourne-and-sharon-osbourne-list-mediterranean-revival-estate-for-18-million/index.html", a échoué avec le code d’erreur 403 (forbidden)
12/30/22 00:05:28 - ERREUR: Le déchargement de "https://www.hiltonhyland.com/xmlrpc.php", référencé de "/Users/mac/Downloads/us.sitesucker.mac.sitesucker/www.hiltonhyland.com/properties/leases/page/2/index.html", a échoué avec le code d’erreur 403 (forbidden)
12/30/22 00:05:32 - ERREUR: Le déchargement de "https://www.hiltonhyland.com/xmlrpc.php", référencé de "/Users/mac/Downloads/us.sitesucker.mac.sitesucker/www.hiltonhyland.com/properties/open-houses/page/2/index.html", a échoué avec le code d’erreur 403 (forbidden)
12/30/22 00:05:36 - ERREUR: Le déchargement de "https://www.hiltonhyland.com/xmlrpc.php", référencé de "/Users/mac/Downloads/us.sitesucker.mac.sitesucker/www.hiltonhyland.com/properties/sold/page/2/index.html", a échoué avec le code d’erreur 403 (forbidden)
12/30/22 00:05:42 - ERREUR: Le déchargement de "https://www.hiltonhyland.com/commercial/page/2/", référencé de "/Users/mac/Downloads/us.sitesucker.mac.sitesucker/www.hiltonhyland.com/commercial/index.html", a échoué avec le code d’erreur 404 (not found)
12/30/22 00:06:22 - ERREUR: Le déchargement de "https://www.hiltonhyland.com/xmlrpc.php", référencé de "/Users/mac/Downloads/us.sitesucker.mac.sitesucker/www.hiltonhyland.com/property/1200-club-view-dr-ph21-los-angeles-ca-90024/index.html", a échoué avec le code d’erreur 403 (forbidden)
12/30/22 00:06:24 - ERREUR: Le déchargement de "https://www.hiltonhyland.com/xmlrpc.php", référencé de "/Users/mac/Downloads/us.sitesucker.mac.sitesucker/www.hiltonhyland.com/property/1200-club-view-dr-ph22-los-angeles-ca-90024/index.html", a échoué avec le code d’erreur 403 (forbidden)
12/30/22 00:06:26 - ERREUR: Le déchargement de "https://www.hiltonhyland.com/xmlrpc.php", référencé de "/Users/mac/Downloads/us.sitesucker.mac.sitesucker/www.hiltonhyland.com/property/822-sarbonne-rd/index.html", a échoué avec le code d’erreur 403 (forbidden)
12/30/22 00:06:28 - ERREUR: Le déchargement de "https://www.hiltonhyland.com/xmlrpc.php", référencé de "/Users/mac/Downloads/us.sitesucker.mac.sitesucker/www.hiltonhyland.com/property/10410-bellagio-rd-los-angeles-ca-90077-us/index.html", a échoué avec le code d’erreur 403 (forbidden)
12/30/22 00:06:30 - ERREUR: Le déchargement de "https://www.hiltonhyland.com/xmlrpc.php", référencé de "/Users/mac/Downloads/us.sitesucker.mac.sitesucker/www.hiltonhyland.com/property/2001-benedict-canyon-dr-beverly-hills-ca-90210-us/index.html", a échoué avec le code d’erreur 403 (forbidden)
12/30/22 00:06:32 - ERREUR: Le déchargement de "https://www.hiltonhyland.com/xmlrpc.php", référencé de "/Users/mac/Downloads/us.sitesucker.mac.sitesucker/www.hiltonhyland.com/property/13058-rivers-rd-los-angeles-ca-90049/index.html", a échoué avec le code d’erreur 403 (forbidden)
12/30/22 00:06:34 - ERREUR: Le déchargement de "https://www.hiltonhyland.com/xmlrpc.php", référencé de "/Users/mac/Downloads/us.sitesucker.mac.sitesucker/www.hiltonhyland.com/property/300-delfern-dr-los-angeles-ca-90077/index.html", a échoué avec le code d’erreur 403 (forbidden)
12/30/22 00:06:36 - ERREUR: Le déchargement de "https://www.hiltonhyland.com/xmlrpc.php", référencé de "/Users/mac/Downloads/us.sitesucker.mac.sitesucker/www.hiltonhyland.com/property/22314-pacific-coast-hwy-malibu-ca-90265/index.html", a échoué avec le code d’erreur 403 (forbidden)
12/30/22 00:06:38 - ERREUR: Le déchargement de "https://www.hiltonhyland.com/xmlrpc.php", référencé de "/Users/mac/Downloads/us.sitesucker.mac.sitesucker/www.hiltonhyland.com/property/73-beverly-park-ln-beverly-hills-ca-90210-us/index.html", a échoué avec le code d’erreur 403 (forbidden)
12/30/22 00:06:40 - ERREUR: Le déchargement de "https://www.hiltonhyland.com/xmlrpc.php", référencé de "/Users/mac/Downloads/us.sitesucker.mac.sitesucker/www.hiltonhyland.com/property/sold-or-9955-beverly-grove-dr-beverly-hills-ca-90210-us/index.html", a échoué avec le code d’erreur 403 (forbidden)
12/30/22 00:06:42 - ERREUR: Le déchargement de "https://www.hiltonhyland.com/xmlrpc.php", référencé de "/Users/mac/Downloads/us.sitesucker.mac.sitesucker/www.hiltonhyland.com/property/9904-kip-dr-beverly-hills-ca-90210/index.html", a échoué avec le code d’erreur 403 (forbidden)

---------------------
